06:07:02  INFO     =======================================================
06:07:02  INFO     처리 시작: 1919-12-01
06:07:05  INFO       ed-1: 총 30페이지 → 병렬 수집
06:07:05  INFO       ed-1 완료: ✓0 저장 / ↷30 스킵 / ✗0 실패
06:07:07  INFO       ed-2: 미발행, 스킵
06:07:07  INFO       [1919-12-01] 신규 저장: 0페이지
06:07:07  INFO     =======================================================
06:07:07  INFO     처리 시작: 1919-12-02
06:07:10  INFO       ed-1: 총 32페이지 → 병렬 수집
06:07:10  INFO       ed-1 완료: ✓0 저장 / ↷32 스킵 / ✗0 실패
06:07:12  INFO       ed-2: 미발행, 스킵
06:07:12  INFO       [1919-12-02] 신규 저장: 0페이지
06:07:12  INFO     =======================================================
06:07:12  INFO     처리 시작: 1919-12-03
06:07:15  INFO       ed-1: 총 32페이지 → 병렬 수집
06:07:15  INFO       ed-1 완료: ✓0 저장 / ↷32 스킵 / ✗0 실패
06:07:17  INFO       ed-2: 미발행, 스킵
06:07:17  INFO       [1919-12-03] 신규 저장: 0페이지
06:07:17  INFO     =======================================================
06:07:17  INFO     처리 시작: 1919-12-04
06:07:24  INFO       ed-1: 총 32페이지 → 병렬 수집
06:07:24  INFO       ed-1 완료: ✓0 저장 / ↷32 스킵 / ✗0 실패
06:07:26  INFO       ed-2: 미발행, 스킵
06:07:26  INFO       [1919-12-04] 신규 저장: 0페이지
06:07:26  INFO     =======================================================
06:07:26  INFO     처리 시작: 1919-12-05
06:07:29  INFO       ed-1: 총 42페이지 → 병렬 수집
06:07:30  INFO       ed-1 완료: ✓0 저장 / ↷42 스킵 / ✗0 실패
06:07:32  INFO       ed-2: 미발행, 스킵
06:07:32  INFO       [1919-12-05] 신규 저장: 0페이지
06:07:32  INFO     =======================================================
06:07:32  INFO     처리 시작: 1919-12-06
06:07:34  INFO       ed-1: 총 24페이지 → 병렬 수집
06:07:34  INFO       ed-1 완료: ✓0 저장 / ↷24 스킵 / ✗0 실패
06:07:36  INFO       ed-2: 미발행, 스킵
06:07:36  INFO       [1919-12-06] 신규 저장: 0페이지
06:07:36  INFO     =======================================================
06:07:36  INFO     처리 시작: 1919-12-07
06:07:40  INFO       ed-1: 총 96페이지 → 병렬 수집
06:07:45  INFO         ✓ ed-1 seq-024  16,951 chars
06:07:50  INFO         ✓ ed-1 seq-049  19,342 chars
06:07:57  INFO         ✓ ed-1 seq-053  14,390 chars
06:08:05  INFO         ✓ ed-1 seq-088  2,438 chars
06:08:41  INFO       ed-1 완료: ✓4 저장 / ↷90 스킵 / ✗2 실패
06:08:43  INFO       ed-2: 미발행, 스킵
06:08:43  INFO       [1919-12-07] 신규 저장: 4페이지
06:08:43  INFO     =======================================================
06:08:43  INFO     처리 시작: 1919-12-08
06:08:46  INFO       ed-1: 총 26페이지 → 병렬 수집
06:08:51  INFO         ✓ ed-1 seq-016  24,544 chars
06:08:51  INFO         ✓ ed-1 seq-001  40,330 chars
06:09:02  INFO         ✓ ed-1 seq-007  31,654 chars
06:09:02  INFO       ed-1 완료: ✓3 저장 / ↷23 스킵 / ✗0 실패
06:09:04  INFO       ed-2: 미발행, 스킵
06:09:04  INFO       [1919-12-08] 신규 저장: 3페이지
06:09:04  INFO     =======================================================
06:09:04  INFO     처리 시작: 1919-12-09
06:09:07  INFO       ed-1: 총 32페이지 → 병렬 수집
06:09:12  INFO         ✓ ed-1 seq-024  11,113 chars
06:09:54  INFO       ed-1 완료: ✓1 저장 / ↷30 스킵 / ✗1 실패
06:09:58  INFO       ed-2: 미발행, 스킵
06:09:58  INFO       [1919-12-09] 신규 저장: 1페이지
06:09:58  INFO     =======================================================
06:09:58  INFO     처리 시작: 1919-12-10
06:10:01  INFO       ed-1: 총 32페이지 → 병렬 수집
06:10:06  INFO         ✓ ed-1 seq-005  17,403 chars
06:10:06  INFO         ✓ ed-1 seq-013  20,591 chars
06:10:06  INFO       ed-1 완료: ✓2 저장 / ↷30 스킵 / ✗0 실패
06:10:08  INFO       ed-2: 미발행, 스킵
06:10:08  INFO       [1919-12-10] 신규 저장: 2페이지
06:10:08  INFO     =======================================================
06:10:08  INFO     처리 시작: 1919-12-11
06:10:11  INFO       ed-1: 총 32페이지 → 병렬 수집
06:10:15  INFO         ✓ ed-1 seq-005  29,897 chars
06:10:16  INFO         ✓ ed-1 seq-001  42,298 chars
06:10:23  INFO         ✓ ed-1 seq-011  22,390 chars
06:10:27  INFO         ✓ ed-1 seq-019  19,832 chars
06:10:31  INFO         ✓ ed-1 seq-023  20,924 chars
06:10:35  INFO         ✓ ed-1 seq-025  17,861 chars
06:10:43  INFO         ✓ ed-1 seq-026  49,273 chars
06:10:47  INFO         ✓ ed-1 seq-031  56,066 chars
06:11:08  INFO       ed-1 완료: ✓8 저장 / ↷22 스킵 / ✗2 실패
06:11:10  INFO       ed-2: 미발행, 스킵
06:11:10  INFO       [1919-12-11] 신규 저장: 8페이지
06:11:10  INFO     =======================================================
06:11:10  INFO     처리 시작: 1919-12-12
06:11:13  INFO       ed-1: 총 38페이지 → 병렬 수집
06:11:17  INFO         ✓ ed-1 seq-002  39,338 chars
06:11:18  INFO         ✓ ed-1 seq-011  15,363 chars
06:11:22  INFO         ✓ ed-1 seq-018  20,432 chars
06:11:23  INFO         ✓ ed-1 seq-013  23,178 chars
06:11:32  INFO         ✓ ed-1 seq-023  27,372 chars
06:11:36  INFO         ✓ ed-1 seq-025  26,146 chars
06:11:41  INFO         ✓ ed-1 seq-026  17,192 chars
06:11:46  INFO         ✓ ed-1 seq-034  58,051 chars
06:11:50  INFO         ✓ ed-1 seq-038  16,612 chars
06:12:06  INFO       ed-1 완료: ✓9 저장 / ↷27 스킵 / ✗2 실패
06:12:09  INFO       ed-2: 미발행, 스킵
06:12:09  INFO       [1919-12-12] 신규 저장: 9페이지
06:12:09  INFO     =======================================================
06:12:09  INFO     처리 시작: 1919-12-13
06:12:11  INFO       ed-1: 총 24페이지 → 병렬 수집
06:12:16  INFO         ✓ ed-1 seq-005  17,980 chars
06:12:19  INFO         ✓ ed-1 seq-003  38,721 chars
06:12:21  INFO         ✓ ed-1 seq-012  49,355 chars
06:12:23  INFO         ✓ ed-1 seq-014  48,877 chars
06:12:25  INFO         ✓ ed-1 seq-015  31,373 chars
06:12:27  INFO         ✓ ed-1 seq-017  6,271 chars
06:12:30  INFO         ✓ ed-1 seq-020  59,158 chars
06:13:03  INFO       ed-1 완료: ✓7 저장 / ↷16 스킵 / ✗1 실패
06:13:05  INFO       ed-2: 미발행, 스킵
06:13:05  INFO       [1919-12-13] 신규 저장: 7페이지
06:13:05  INFO     =======================================================
06:13:05  INFO     처리 시작: 1919-12-14
06:13:07  INFO       ed-1: 총 88페이지 → 병렬 수집
06:13:12  INFO         ✓ ed-1 seq-013  13,305 chars
06:13:12  INFO         ✓ ed-1 seq-006  20,566 chars
06:13:17  INFO         ✓ ed-1 seq-014  16,309 chars
06:13:21  INFO         ✓ ed-1 seq-016  14,300 chars
06:13:25  INFO         ✓ ed-1 seq-017  15,561 chars
06:13:29  INFO         ✓ ed-1 seq-019  19,039 chars
06:13:34  INFO         ✓ ed-1 seq-023  14,689 chars
06:13:42  INFO         ✓ ed-1 seq-024  20,478 chars
06:13:49  INFO         ✓ ed-1 seq-015  15,199 chars
06:13:49  INFO         ✓ ed-1 seq-025  15,313 chars
06:13:54  INFO         ✓ ed-1 seq-027  25,819 chars
06:13:56  INFO         ✓ ed-1 seq-029  17,839 chars
06:13:58  INFO         ✓ ed-1 seq-032  18,047 chars
06:14:02  INFO         ✓ ed-1 seq-035  44,643 chars
06:14:03  INFO         ✓ ed-1 seq-033  16,853 chars
06:14:07  INFO         ✓ ed-1 seq-040  52,368 chars
06:14:08  INFO         ✓ ed-1 seq-041  46,006 chars
06:14:11  INFO         ✓ ed-1 seq-046  27,502 chars
06:14:12  INFO         ✓ ed-1 seq-051  16,210 chars
06:14:16  INFO         ✓ ed-1 seq-057  12,348 chars
06:14:20  INFO         ✓ ed-1 seq-062  14,566 chars
06:14:25  INFO         ✓ ed-1 seq-064  22,972 chars
06:14:29  INFO         ✓ ed-1 seq-066  30,951 chars
06:14:34  INFO         ✓ ed-1 seq-080  2,859 chars
06:14:34  INFO         ✓ ed-1 seq-074  23,420 chars
06:14:50  INFO         ✓ ed-1 seq-059  33,920 chars
06:14:50  INFO       ed-1 완료: ✓26 저장 / ↷61 스킵 / ✗1 실패
06:14:55  INFO       ed-2: 미발행, 스킵
06:14:55  INFO       [1919-12-14] 신규 저장: 26페이지
06:14:55  INFO     =======================================================
06:14:55  INFO     처리 시작: 1919-12-15
06:14:57  INFO       ed-1: 총 30페이지 → 병렬 수집
06:15:02  INFO         ✓ ed-1 seq-004  12,624 chars
06:15:02  INFO         ✓ ed-1 seq-009  28,470 chars
06:15:02  INFO         ✓ ed-1 seq-002  42,437 chars
06:15:06  INFO         ✓ ed-1 seq-014  17,458 chars
06:15:06  INFO         ✓ ed-1 seq-010  11,179 chars
06:15:10  INFO         ✓ ed-1 seq-017  26,938 chars
06:15:10  INFO         ✓ ed-1 seq-018  22,691 chars
06:15:11  INFO         ✓ ed-1 seq-019  18,101 chars
06:15:15  INFO         ✓ ed-1 seq-025  24,614 chars
06:15:15  INFO         ✓ ed-1 seq-023  16,642 chars
06:18:16  INFO       ed-1 완료: ✓10 저장 / ↷15 스킵 / ✗5 실패
06:19:48  WARNING    get_total_pages 연결 실패 (1919-12-15 ed-2): HTTPSConnectionPool(host='www.loc.gov', port=443): Max retries exceeded with url: /resource/sn83045462/1919-12-15/ed-2/?fo=json (Caused by ResponseError('too many 429 error responses'))
06:19:48  INFO       ed-2: 페이지 수 미확인 → 브루트포스 시작
06:24:49  INFO     =======================================================
06:24:49  INFO     처리 시작: 1919-12-01
06:26:11  INFO     =======================================================
06:26:11  INFO     처리 시작: 1919-12-01
06:27:43  WARNING    get_total_pages 연결 실패 (1919-12-01 ed-1): HTTPSConnectionPool(host='www.loc.gov', port=443): Max retries exceeded with url: /resource/sn83045462/1919-12-01/ed-1/?fo=json (Caused by ResponseError('too many 429 error responses'))
06:27:43  INFO       ed-1: 페이지 수 미확인 → 브루트포스 시작
06:29:38  INFO     
06:29:38  INFO     ★★★★★★★★★★★★★★★★★★★★★★★★★★★★★★★★★★★★★★★★★★★★★★★★★★★★★★★
06:29:38  INFO     수집 시작: 1919-12-01 ~ 1919-12-31  (1919-12)
06:29:38  INFO     ★★★★★★★★★★★★★★★★★★★★★★★★★★★★★★★★★★★★★★★★★★★★★★★★★★★★★★★
06:29:38  INFO     =======================================================
06:29:38  INFO     처리 시작: 1919-12-01
06:31:10  WARNING    get_total_pages 연결 실패 (1919-12-01 ed-1): HTTPSConnectionPool(host='www.loc.gov', port=443): Max retries exceeded with url: /resource/sn83045462/1919-12-01/ed-1/?fo=json (Caused by ResponseError('too many 429 error responses'))
06:31:10  INFO       ed-1: 페이지 수 미확인 → 브루트포스 시작
06:33:58  INFO     =======================================================
06:33:58  INFO     처리 시작: 1919-12-01
06:35:30  WARNING    get_total_pages 연결 실패 (1919-12-01 ed-1): HTTPSConnectionPool(host='www.loc.gov', port=443): Max retries exceeded with url: /resource/sn83045462/1919-12-01/ed-1/?fo=json (Caused by ResponseError('too many 429 error responses'))
06:35:30  INFO       ed-1: 페이지 수 미확인 → 브루트포스 시작
06:38:54  INFO     =======================================================
06:38:54  INFO     처리 시작: 1919-12-01
06:38:54  WARNING    429 Rate Limit (시도 1/6), 15초 대기
06:39:09  WARNING    429 Rate Limit (시도 2/6), 30초 대기
06:39:39  WARNING    429 Rate Limit (시도 3/6), 45초 대기
06:46:58  INFO     =======================================================
06:46:58  INFO     처리 시작: 1919-12-01
06:46:58  WARNING    429 Rate Limit (대기 1/10), 30초 대기
06:47:28  WARNING    429 Rate Limit (대기 2/10), 60초 대기
06:48:28  WARNING    429 Rate Limit (대기 3/10), 90초 대기
06:49:59  WARNING    429 Rate Limit (대기 4/10), 120초 대기
06:51:59  WARNING    429 Rate Limit (대기 5/10), 150초 대기
